<?xml version="1.0" encoding="UTF-8"?>
<!-- Generated by org.testng.reporters.JUnitReportReporter -->
<testsuite hostname="DESKTOP-19RQ3NQ" failures="0" tests="6" name="com.eva.vtiger.testscripts.MarketingAccountTestScripts" time="-1699531136.000" errors="1" timestamp="2023-11-09T17:29:02 IST" skipped="5">
  <testcase classname="com.eva.vtiger.testscripts.MarketingAccountTestScripts" name="verifyVT005AccountEditable" time="0.001">
    <skipped/>
  </testcase> <!-- verifyVT005AccountEditable -->
  <testcase classname="com.eva.vtiger.testscripts.MarketingAccountTestScripts" name="beforeTestCases" time="-1699531136.000">
    <error message="
Parameter &#039;browser&#039; is required by BeforeClass on method beforeTestCases but has not been marked @Optional or defined
in C:\Users\saura\AppData\Local\Temp\testng-eclipse--1841084076\testng-customsuite.xml" type="org.testng.TestNGException">
      <![CDATA[org.testng.TestNGException: 
Parameter 'browser' is required by BeforeClass on method beforeTestCases but has not been marked @Optional or defined
in C:\Users\saura\AppData\Local\Temp\testng-eclipse--1841084076\testng-customsuite.xml
at org.testng.internal.Parameters.createParams(Parameters.java:267)
at org.testng.internal.Parameters.createParametersForMethod(Parameters.java:355)
at org.testng.internal.Parameters.createParameters(Parameters.java:684)
at org.testng.internal.Parameters.createConfigurationParameters(Parameters.java:166)
at org.testng.internal.invokers.ConfigInvoker.invokeConfigurations(ConfigInvoker.java:306)
at org.testng.internal.invokers.TestMethodWorker.invokeBeforeClassMethods(TestMethodWorker.java:180)
at org.testng.internal.invokers.TestMethodWorker.run(TestMethodWorker.java:122)
at java.base/java.util.ArrayList.forEach(ArrayList.java:1511)
at org.testng.TestRunner.privateRun(TestRunner.java:848)
at org.testng.TestRunner.run(TestRunner.java:621)
at org.testng.SuiteRunner.runTest(SuiteRunner.java:443)
at org.testng.SuiteRunner.runSequentially(SuiteRunner.java:437)
at org.testng.SuiteRunner.privateRun(SuiteRunner.java:397)
at org.testng.SuiteRunner.run(SuiteRunner.java:336)
at org.testng.SuiteRunnerWorker.runSuite(SuiteRunnerWorker.java:52)
at org.testng.SuiteRunnerWorker.run(SuiteRunnerWorker.java:95)
at org.testng.TestNG.runSuitesSequentially(TestNG.java:1280)
at org.testng.TestNG.runSuitesLocally(TestNG.java:1200)
at org.testng.TestNG.runSuites(TestNG.java:1114)
at org.testng.TestNG.run(TestNG.java:1082)
at org.testng.remote.AbstractRemoteTestNG.run(AbstractRemoteTestNG.java:115)
at org.testng.remote.RemoteTestNG.initAndRun(RemoteTestNG.java:251)
at org.testng.remote.RemoteTestNG.main(RemoteTestNG.java:77)
]]>
    </error>
  </testcase> <!-- beforeTestCases -->
  <testcase classname="com.eva.vtiger.testscripts.MarketingAccountTestScripts" name="verifyVT004DuplicateAccount" time="0.001">
    <skipped/>
  </testcase> <!-- verifyVT004DuplicateAccount -->
  <testcase classname="com.eva.vtiger.testscripts.MarketingAccountTestScripts" name="verifyVT001CreateAccount" time="0.000">
    <skipped/>
  </testcase> <!-- verifyVT001CreateAccount -->
  <testcase classname="com.eva.vtiger.testscripts.MarketingAccountTestScripts" name="verifyVT003SearchAccount" time="0.000">
    <skipped/>
  </testcase> <!-- verifyVT003SearchAccount -->
  <testcase classname="com.eva.vtiger.testscripts.MarketingAccountTestScripts" name="verifyVT002DeleteAccount" time="0.001">
    <skipped/>
  </testcase> <!-- verifyVT002DeleteAccount -->
</testsuite> <!-- com.eva.vtiger.testscripts.MarketingAccountTestScripts -->
